{"level":"info","message":"Server running in development mode on port 3000","service":"college-management-system","timestamp":"2025-05-19 11:32:59"}
{"level":"info","message":"MongoDB connected successfully","service":"college-management-system","timestamp":"2025-05-19 11:32:59"}
{"level":"info","message":"Server running in development mode on port 3000","service":"college-management-system","timestamp":"2025-05-19 11:33:16"}
{"level":"info","message":"MongoDB connected successfully","service":"college-management-system","timestamp":"2025-05-19 11:33:16"}
{"level":"info","message":"Server running in development mode on port 3000","service":"college-management-system","timestamp":"2025-05-19 11:33:24"}
{"level":"info","message":"MongoDB connected successfully","service":"college-management-system","timestamp":"2025-05-19 11:33:24"}
{"level":"info","message":"Server running in development mode on port 3000","service":"college-management-system","timestamp":"2025-05-19 11:34:10"}
{"level":"info","message":"MongoDB connected successfully","service":"college-management-system","timestamp":"2025-05-19 11:34:10"}
{"level":"info","message":"SIGINT received, shutting down gracefully","service":"college-management-system","timestamp":"2025-05-19 11:36:11"}
{"level":"info","message":"Server running in development mode on port 3000","service":"college-management-system","timestamp":"2025-05-19 11:36:15"}
{"level":"info","message":"MongoDB connected successfully","service":"college-management-system","timestamp":"2025-05-19 11:36:15"}
{"level":"info","message":"SIGINT received, shutting down gracefully","service":"college-management-system","timestamp":"2025-05-19 11:36:18"}
{"level":"info","message":"MongoDB connected successfully for seeding","service":"college-management-system","timestamp":"2025-05-19 11:36:26"}
{"level":"info","message":"Starting database seeding...","service":"college-management-system","timestamp":"2025-05-19 11:36:26"}
{"level":"info","message":"Created directory: F:\\College_Node_Management\\uploads","service":"college-management-system","timestamp":"2025-05-19 11:36:26"}
{"level":"info","message":"Created directory: F:\\College_Node_Management\\uploads\\faculty","service":"college-management-system","timestamp":"2025-05-19 11:36:26"}
{"level":"info","message":"Created directory: F:\\College_Node_Management\\uploads\\faculty\\photo","service":"college-management-system","timestamp":"2025-05-19 11:36:26"}
{"level":"info","message":"Created directory: F:\\College_Node_Management\\uploads\\faculty\\documents","service":"college-management-system","timestamp":"2025-05-19 11:36:26"}
{"level":"info","message":"Created directory: F:\\College_Node_Management\\uploads\\faculty\\publication","service":"college-management-system","timestamp":"2025-05-19 11:36:26"}
{"level":"info","message":"Created directory: F:\\College_Node_Management\\uploads\\faculty\\workshop","service":"college-management-system","timestamp":"2025-05-19 11:36:26"}
{"level":"info","message":"Created directory: F:\\College_Node_Management\\uploads\\faculty\\qualification","service":"college-management-system","timestamp":"2025-05-19 11:36:26"}
{"level":"info","message":"Created directory: F:\\College_Node_Management\\uploads\\faculty\\experience","service":"college-management-system","timestamp":"2025-05-19 11:36:26"}
{"level":"info","message":"Created directory: F:\\College_Node_Management\\uploads\\students","service":"college-management-system","timestamp":"2025-05-19 11:36:26"}
{"level":"info","message":"Created directory: F:\\College_Node_Management\\uploads\\students\\photo","service":"college-management-system","timestamp":"2025-05-19 11:36:26"}
{"level":"info","message":"Created directory: F:\\College_Node_Management\\uploads\\students\\documents","service":"college-management-system","timestamp":"2025-05-19 11:36:26"}
{"level":"info","message":"Created directory: F:\\College_Node_Management\\backups","service":"college-management-system","timestamp":"2025-05-19 11:36:26"}
{"level":"info","message":"Created directory: F:\\College_Node_Management\\templates","service":"college-management-system","timestamp":"2025-05-19 11:36:26"}
{"level":"info","message":"Created directory: F:\\College_Node_Management\\templates\\emails","service":"college-management-system","timestamp":"2025-05-19 11:36:26"}
{"level":"info","message":"Created email template: welcome","service":"college-management-system","timestamp":"2025-05-19 11:36:26"}
{"level":"info","message":"Created email template: password-reset","service":"college-management-system","timestamp":"2025-05-19 11:36:26"}
{"level":"info","message":"Created email template: notification","service":"college-management-system","timestamp":"2025-05-19 11:36:26"}
{"level":"info","message":"Created email template: status-update","service":"college-management-system","timestamp":"2025-05-19 11:36:26"}
{"level":"info","message":"Seeding roles...","service":"college-management-system","timestamp":"2025-05-19 11:36:26"}
{"level":"info","message":"5 roles seeded","service":"college-management-system","timestamp":"2025-05-19 11:36:26"}
{"level":"info","message":"Seeding permissions...","service":"college-management-system","timestamp":"2025-05-19 11:36:26"}
{"level":"info","message":"30 permissions seeded","service":"college-management-system","timestamp":"2025-05-19 11:36:26"}
{"level":"info","message":"Assigning permissions to roles...","service":"college-management-system","timestamp":"2025-05-19 11:36:26"}
{"level":"info","message":"Permissions assigned to roles","service":"college-management-system","timestamp":"2025-05-19 11:36:26"}
{"level":"info","message":"Seeding resource types...","service":"college-management-system","timestamp":"2025-05-19 11:36:26"}
{"level":"info","message":"7 resource types seeded","service":"college-management-system","timestamp":"2025-05-19 11:36:26"}
{"level":"info","message":"Seeding users...","service":"college-management-system","timestamp":"2025-05-19 11:36:26"}
{"level":"info","message":"Admin user created","service":"college-management-system","timestamp":"2025-05-19 11:36:26"}
{"level":"info","message":"Seeding departments...","service":"college-management-system","timestamp":"2025-05-19 11:36:26"}
{"level":"info","message":"5 departments seeded","service":"college-management-system","timestamp":"2025-05-19 11:36:26"}
{"level":"info","message":"Seeding programs...","service":"college-management-system","timestamp":"2025-05-19 11:36:26"}
{"$clusterTime":{"clusterTime":{"$timestamp":"7506034251221958719"},"signature":{"hash":"AAAAAAAAAAAAAAAAAAAAAAAAAAA=","keyId":0}},"code":11000,"codeName":"DuplicateKey","keyPattern":{"code":1},"keyValue":{"code":"B.TECH"},"level":"error","message":"Error seeding database: Plan executor error during findAndModify :: caused by :: E11000 duplicate key error collection: college_management_new_052025.programs index: code_1 dup key: { code: \"B.TECH\" }","ok":0,"operationTime":{"$timestamp":"7506034251221958719"},"service":"college-management-system","stack":"MongoServerError: Plan executor error during findAndModify :: caused by :: E11000 duplicate key error collection: college_management_new_052025.programs index: code_1 dup key: { code: \"B.TECH\" }\n    at Connection.onMessage (F:\\College_Node_Management\\node_modules\\mongodb\\lib\\cmap\\connection.js:202:26)\n    at MessageStream.<anonymous> (F:\\College_Node_Management\\node_modules\\mongodb\\lib\\cmap\\connection.js:61:60)\n    at MessageStream.emit (node:events:518:28)\n    at processIncomingData (F:\\College_Node_Management\\node_modules\\mongodb\\lib\\cmap\\message_stream.js:124:16)\n    at MessageStream._write (F:\\College_Node_Management\\node_modules\\mongodb\\lib\\cmap\\message_stream.js:33:9)\n    at writeOrBuffer (node:internal/streams/writable:572:12)\n    at _write (node:internal/streams/writable:501:10)\n    at Writable.write (node:internal/streams/writable:510:10)\n    at Socket.ondata (node:internal/streams/readable:1009:22)\n    at Socket.emit (node:events:518:28)","timestamp":"2025-05-19 11:36:26"}
{"level":"info","message":"MongoDB connected successfully for seeding","service":"college-management-system","timestamp":"2025-05-19 11:39:55"}
{"level":"info","message":"Starting database seeding...","service":"college-management-system","timestamp":"2025-05-19 11:39:55"}
{"level":"info","message":"Seeding roles...","service":"college-management-system","timestamp":"2025-05-19 11:39:55"}
{"level":"info","message":"5 roles seeded","service":"college-management-system","timestamp":"2025-05-19 11:39:55"}
{"level":"info","message":"Seeding permissions...","service":"college-management-system","timestamp":"2025-05-19 11:39:55"}
{"level":"info","message":"30 permissions seeded","service":"college-management-system","timestamp":"2025-05-19 11:39:56"}
{"level":"info","message":"Assigning permissions to roles...","service":"college-management-system","timestamp":"2025-05-19 11:39:56"}
{"level":"info","message":"Permissions assigned to roles","service":"college-management-system","timestamp":"2025-05-19 11:39:56"}
{"level":"info","message":"Seeding resource types...","service":"college-management-system","timestamp":"2025-05-19 11:39:56"}
{"level":"info","message":"7 resource types seeded","service":"college-management-system","timestamp":"2025-05-19 11:39:56"}
{"level":"info","message":"Seeding users...","service":"college-management-system","timestamp":"2025-05-19 11:39:56"}
{"level":"info","message":"Admin user already exists","service":"college-management-system","timestamp":"2025-05-19 11:39:56"}
{"level":"info","message":"Seeding departments...","service":"college-management-system","timestamp":"2025-05-19 11:39:56"}
{"level":"info","message":"5 departments seeded","service":"college-management-system","timestamp":"2025-05-19 11:39:56"}
{"level":"info","message":"Seeding programs...","service":"college-management-system","timestamp":"2025-05-19 11:39:56"}
{"level":"info","message":"7 programs seeded","service":"college-management-system","timestamp":"2025-05-19 11:39:56"}
{"level":"info","message":"Seeding branches...","service":"college-management-system","timestamp":"2025-05-19 11:39:56"}
{"level":"info","message":"5 branches seeded","service":"college-management-system","timestamp":"2025-05-19 11:39:56"}
{"level":"info","message":"Seeding academic years...","service":"college-management-system","timestamp":"2025-05-19 11:39:56"}
{"level":"info","message":"3 academic years seeded","service":"college-management-system","timestamp":"2025-05-19 11:39:56"}
{"level":"info","message":"Seeding semesters...","service":"college-management-system","timestamp":"2025-05-19 11:39:56"}
{"level":"info","message":"2 semesters seeded","service":"college-management-system","timestamp":"2025-05-19 11:39:56"}
{"level":"info","message":"Seeding regulations...","service":"college-management-system","timestamp":"2025-05-19 11:39:56"}
{"level":"info","message":"2 regulations seeded","service":"college-management-system","timestamp":"2025-05-19 11:39:56"}
{"level":"info","message":"Seeding course types...","service":"college-management-system","timestamp":"2025-05-19 11:39:56"}
{"level":"info","message":"7 course types seeded","service":"college-management-system","timestamp":"2025-05-19 11:39:56"}
{"level":"info","message":"Seeding notification templates...","service":"college-management-system","timestamp":"2025-05-19 11:39:56"}
{"level":"info","message":"4 notification templates seeded","service":"college-management-system","timestamp":"2025-05-19 11:39:56"}
{"level":"info","message":"Seeding system settings...","service":"college-management-system","timestamp":"2025-05-19 11:39:56"}
{"level":"info","message":"12 system settings seeded","service":"college-management-system","timestamp":"2025-05-19 11:39:56"}
{"level":"info","message":"Server running in development mode on port 3000","service":"college-management-system","timestamp":"2025-05-19 11:40:14"}
{"level":"info","message":"MongoDB connected successfully","service":"college-management-system","timestamp":"2025-05-19 11:40:14"}
{"level":"error","message":"Validation error","service":"college-management-system","stack":"Error: Validation error\n    at F:\\College_Node_Management\\middlewares\\validator.js:24:21\n    at process.processTicksAndRejections (node:internal/process/task_queues:105:5)","statusCode":400,"timestamp":"2025-05-19 11:43:12"}
{"code":"EAUTH","command":"AUTH PLAIN","level":"error","message":"Error sending email: Invalid login: 535 5.7.0 Invalid credentials","response":"535 5.7.0 Invalid credentials","responseCode":535,"service":"college-management-system","stack":"Error: Invalid login: 535 5.7.0 Invalid credentials\n    at SMTPConnection._formatError (F:\\College_Node_Management\\node_modules\\nodemailer\\lib\\smtp-connection\\index.js:809:19)\n    at SMTPConnection._actionAUTHComplete (F:\\College_Node_Management\\node_modules\\nodemailer\\lib\\smtp-connection\\index.js:1588:34)\n    at SMTPConnection.<anonymous> (F:\\College_Node_Management\\node_modules\\nodemailer\\lib\\smtp-connection\\index.js:556:26)\n    at SMTPConnection._processResponse (F:\\College_Node_Management\\node_modules\\nodemailer\\lib\\smtp-connection\\index.js:993:20)\n    at SMTPConnection._onData (F:\\College_Node_Management\\node_modules\\nodemailer\\lib\\smtp-connection\\index.js:774:14)\n    at SMTPConnection._onSocketData (F:\\College_Node_Management\\node_modules\\nodemailer\\lib\\smtp-connection\\index.js:195:44)\n    at TLSSocket.emit (node:events:518:28)\n    at addChunk (node:internal/streams/readable:561:12)\n    at readableAddChunkPushByteMode (node:internal/streams/readable:512:3)\n    at Readable.push (node:internal/streams/readable:392:5)","timestamp":"2025-05-19 12:06:59"}
{"code":"EAUTH","command":"AUTH PLAIN","level":"error","message":"Error sending email: Invalid login: 535 5.7.0 Invalid credentials","response":"535 5.7.0 Invalid credentials","responseCode":535,"service":"college-management-system","stack":"Error: Invalid login: 535 5.7.0 Invalid credentials\n    at SMTPConnection._formatError (F:\\College_Node_Management\\node_modules\\nodemailer\\lib\\smtp-connection\\index.js:809:19)\n    at SMTPConnection._actionAUTHComplete (F:\\College_Node_Management\\node_modules\\nodemailer\\lib\\smtp-connection\\index.js:1588:34)\n    at SMTPConnection.<anonymous> (F:\\College_Node_Management\\node_modules\\nodemailer\\lib\\smtp-connection\\index.js:556:26)\n    at SMTPConnection._processResponse (F:\\College_Node_Management\\node_modules\\nodemailer\\lib\\smtp-connection\\index.js:993:20)\n    at SMTPConnection._onData (F:\\College_Node_Management\\node_modules\\nodemailer\\lib\\smtp-connection\\index.js:774:14)\n    at SMTPConnection._onSocketData (F:\\College_Node_Management\\node_modules\\nodemailer\\lib\\smtp-connection\\index.js:195:44)\n    at TLSSocket.emit (node:events:518:28)\n    at addChunk (node:internal/streams/readable:561:12)\n    at readableAddChunkPushByteMode (node:internal/streams/readable:512:3)\n    at Readable.push (node:internal/streams/readable:392:5)","timestamp":"2025-05-19 12:08:36"}
{"level":"info","message":"SIGINT received, shutting down gracefully","service":"college-management-system","timestamp":"2025-05-19 12:11:45"}
{"level":"info","message":"Server running in development mode on port 3000","service":"college-management-system","timestamp":"2025-05-19 12:11:50"}
{"level":"info","message":"MongoDB connected successfully","service":"college-management-system","timestamp":"2025-05-19 12:11:50"}
{"level":"info","message":"Email sent: <a6cdd0a2-9a2b-45fb-0dd2-9306e4b32a73@gmail.com>","service":"college-management-system","timestamp":"2025-05-19 12:11:59"}
{"level":"error","message":"Invalid or expired token","service":"college-management-system","stack":"Error: Invalid or expired token\n    at F:\\College_Node_Management\\controllers\\auth.controller.js:184:17\n    at process.processTicksAndRejections (node:internal/process/task_queues:105:5)","statusCode":400,"timestamp":"2025-05-19 12:15:08"}
{"level":"info","message":"Email sent: <c31409ec-cae6-39d2-b838-c969dd7a420f@gmail.com>","service":"college-management-system","timestamp":"2025-05-19 12:15:19"}
{"level":"error","message":"Invalid or expired token","service":"college-management-system","stack":"Error: Invalid or expired token\n    at F:\\College_Node_Management\\controllers\\auth.controller.js:184:17\n    at process.processTicksAndRejections (node:internal/process/task_queues:105:5)","statusCode":400,"timestamp":"2025-05-19 12:16:00"}
{"level":"error","message":"Invalid or expired token","service":"college-management-system","stack":"Error: Invalid or expired token\n    at F:\\College_Node_Management\\controllers\\auth.controller.js:184:17\n    at process.processTicksAndRejections (node:internal/process/task_queues:105:5)","statusCode":400,"timestamp":"2025-05-19 12:16:34"}
{"level":"error","message":"Faculty validation failed: department: Cast to ObjectId failed for value \"DEPARTMENT_ID\" (type string) at path \"department\" because of \"BSONError\", status: `pending` is not a valid enum value for path `status`.","service":"college-management-system","stack":"ValidationError: Faculty validation failed: department: Cast to ObjectId failed for value \"DEPARTMENT_ID\" (type string) at path \"department\" because of \"BSONError\", status: `pending` is not a valid enum value for path `status`.\n    at Document.invalidate (F:\\College_Node_Management\\node_modules\\mongoose\\lib\\document.js:3219:32)\n    at model.$set (F:\\College_Node_Management\\node_modules\\mongoose\\lib\\document.js:1464:12)\n    at model.$set (F:\\College_Node_Management\\node_modules\\mongoose\\lib\\document.js:1119:16)\n    at model.Document (F:\\College_Node_Management\\node_modules\\mongoose\\lib\\document.js:165:12)\n    at model.Model (F:\\College_Node_Management\\node_modules\\mongoose\\lib\\model.js:123:12)\n    at new model (F:\\College_Node_Management\\node_modules\\mongoose\\lib\\model.js:4758:15)\n    at F:\\College_Node_Management\\node_modules\\mongoose\\lib\\model.js:2922:18\n    at Array.map (<anonymous>)\n    at Function.create (F:\\College_Node_Management\\node_modules\\mongoose\\lib\\model.js:2911:30)\n    at F:\\College_Node_Management\\controllers\\faculty.controller.js:71:35","statusCode":500,"timestamp":"2025-05-19 12:17:00"}
{"level":"error","message":"Faculty validation failed: department: Cast to ObjectId failed for value \"DEPARTMENT_ID\" (type string) at path \"department\" because of \"BSONError\", status: `pending` is not a valid enum value for path `status`.","service":"college-management-system","stack":"ValidationError: Faculty validation failed: department: Cast to ObjectId failed for value \"DEPARTMENT_ID\" (type string) at path \"department\" because of \"BSONError\", status: `pending` is not a valid enum value for path `status`.\n    at Document.invalidate (F:\\College_Node_Management\\node_modules\\mongoose\\lib\\document.js:3219:32)\n    at model.$set (F:\\College_Node_Management\\node_modules\\mongoose\\lib\\document.js:1464:12)\n    at model.$set (F:\\College_Node_Management\\node_modules\\mongoose\\lib\\document.js:1119:16)\n    at model.Document (F:\\College_Node_Management\\node_modules\\mongoose\\lib\\document.js:165:12)\n    at model.Model (F:\\College_Node_Management\\node_modules\\mongoose\\lib\\model.js:123:12)\n    at new model (F:\\College_Node_Management\\node_modules\\mongoose\\lib\\model.js:4758:15)\n    at F:\\College_Node_Management\\node_modules\\mongoose\\lib\\model.js:2922:18\n    at Array.map (<anonymous>)\n    at Function.create (F:\\College_Node_Management\\node_modules\\mongoose\\lib\\model.js:2911:30)\n    at F:\\College_Node_Management\\controllers\\faculty.controller.js:71:35","statusCode":500,"timestamp":"2025-05-19 12:17:36"}
{"level":"info","message":"Server running in development mode on port 3000","service":"college-management-system","timestamp":"2025-05-19 12:23:47"}
{"level":"info","message":"MongoDB connected successfully","service":"college-management-system","timestamp":"2025-05-19 12:23:47"}
{"level":"info","message":"Server running in development mode on port 3000","service":"college-management-system","timestamp":"2025-05-19 13:04:00"}
{"level":"info","message":"MongoDB connected successfully","service":"college-management-system","timestamp":"2025-05-19 13:04:00"}
{"level":"info","message":"Server running in development mode on port 3000","service":"college-management-system","timestamp":"2025-05-19 13:04:05"}
{"level":"info","message":"MongoDB connected successfully","service":"college-management-system","timestamp":"2025-05-19 13:04:05"}
{"level":"info","message":"Server running in development mode on port 3000","service":"college-management-system","timestamp":"2025-05-19 13:04:23"}
{"level":"info","message":"MongoDB connected successfully","service":"college-management-system","timestamp":"2025-05-19 13:04:23"}
{"level":"info","message":"Server running in development mode on port 3000","service":"college-management-system","timestamp":"2025-05-19 13:04:28"}
{"level":"info","message":"MongoDB connected successfully","service":"college-management-system","timestamp":"2025-05-19 13:04:28"}
{"level":"info","message":"Server running in development mode on port 3000","service":"college-management-system","timestamp":"2025-05-19 13:05:13"}
{"level":"info","message":"MongoDB connected successfully","service":"college-management-system","timestamp":"2025-05-19 13:05:13"}
{"level":"info","message":"Server running in development mode on port 3000","service":"college-management-system","timestamp":"2025-05-19 13:05:23"}
{"level":"info","message":"MongoDB connected successfully","service":"college-management-system","timestamp":"2025-05-19 13:05:23"}
{"level":"info","message":"Server running in development mode on port 3000","service":"college-management-system","timestamp":"2025-05-19 13:05:28"}
{"level":"info","message":"MongoDB connected successfully","service":"college-management-system","timestamp":"2025-05-19 13:05:29"}
{"level":"info","message":"Server running in development mode on port 3000","service":"college-management-system","timestamp":"2025-05-19 13:05:51"}
{"level":"info","message":"MongoDB connected successfully","service":"college-management-system","timestamp":"2025-05-19 13:05:51"}
{"level":"info","message":"Server running in development mode on port 3000","service":"college-management-system","timestamp":"2025-05-19 13:05:56"}
{"level":"info","message":"MongoDB connected successfully","service":"college-management-system","timestamp":"2025-05-19 13:05:56"}
{"level":"info","message":"Server running in development mode on port 3000","service":"college-management-system","timestamp":"2025-05-19 13:06:15"}
{"level":"info","message":"MongoDB connected successfully","service":"college-management-system","timestamp":"2025-05-19 13:06:15"}
{"level":"info","message":"Server running in development mode on port 3000","service":"college-management-system","timestamp":"2025-05-19 13:06:27"}
{"level":"info","message":"MongoDB connected successfully","service":"college-management-system","timestamp":"2025-05-19 13:06:27"}
{"level":"info","message":"Server running in development mode on port 3000","service":"college-management-system","timestamp":"2025-05-19 13:06:32"}
{"level":"info","message":"MongoDB connected successfully","service":"college-management-system","timestamp":"2025-05-19 13:06:32"}
{"level":"info","message":"Server running in development mode on port 3000","service":"college-management-system","timestamp":"2025-05-19 13:06:55"}
{"level":"info","message":"MongoDB connected successfully","service":"college-management-system","timestamp":"2025-05-19 13:06:55"}
{"level":"info","message":"Server running in development mode on port 3000","service":"college-management-system","timestamp":"2025-05-19 13:06:59"}
{"level":"info","message":"MongoDB connected successfully","service":"college-management-system","timestamp":"2025-05-19 13:06:59"}
{"level":"info","message":"Server running in development mode on port 3000","service":"college-management-system","timestamp":"2025-05-19 13:07:15"}
{"level":"info","message":"MongoDB connected successfully","service":"college-management-system","timestamp":"2025-05-19 13:07:15"}
{"level":"info","message":"Server running in development mode on port 3000","service":"college-management-system","timestamp":"2025-05-19 13:07:25"}
{"level":"info","message":"MongoDB connected successfully","service":"college-management-system","timestamp":"2025-05-19 13:07:25"}
{"level":"info","message":"Server running in development mode on port 3000","service":"college-management-system","timestamp":"2025-05-19 13:07:29"}
{"level":"info","message":"MongoDB connected successfully","service":"college-management-system","timestamp":"2025-05-19 13:07:29"}
{"level":"info","message":"Server running in development mode on port 3000","service":"college-management-system","timestamp":"2025-05-19 13:08:01"}
{"level":"info","message":"MongoDB connected successfully","service":"college-management-system","timestamp":"2025-05-19 13:08:01"}
{"level":"info","message":"Server running in development mode on port 3000","service":"college-management-system","timestamp":"2025-05-19 13:08:09"}
{"level":"info","message":"MongoDB connected successfully","service":"college-management-system","timestamp":"2025-05-19 13:08:09"}
{"level":"info","message":"Server running in development mode on port 3000","service":"college-management-system","timestamp":"2025-05-19 13:08:32"}
{"level":"info","message":"MongoDB connected successfully","service":"college-management-system","timestamp":"2025-05-19 13:08:32"}
{"level":"info","message":"Server running in development mode on port 3000","service":"college-management-system","timestamp":"2025-05-19 13:08:43"}
{"level":"info","message":"MongoDB connected successfully","service":"college-management-system","timestamp":"2025-05-19 13:08:43"}
{"level":"info","message":"Server running in development mode on port 3000","service":"college-management-system","timestamp":"2025-05-19 13:08:48"}
{"level":"info","message":"MongoDB connected successfully","service":"college-management-system","timestamp":"2025-05-19 13:08:48"}
{"level":"info","message":"Server running in development mode on port 3000","service":"college-management-system","timestamp":"2025-05-19 13:09:01"}
{"level":"info","message":"MongoDB connected successfully","service":"college-management-system","timestamp":"2025-05-19 13:09:01"}
{"level":"info","message":"Server running in development mode on port 3000","service":"college-management-system","timestamp":"2025-05-19 13:09:19"}
{"level":"info","message":"MongoDB connected successfully","service":"college-management-system","timestamp":"2025-05-19 13:09:19"}
{"level":"info","message":"Server running in development mode on port 3000","service":"college-management-system","timestamp":"2025-05-19 13:09:23"}
{"level":"info","message":"MongoDB connected successfully","service":"college-management-system","timestamp":"2025-05-19 13:09:24"}
{"level":"info","message":"Server running in development mode on port 3000","service":"college-management-system","timestamp":"2025-05-19 13:09:40"}
{"level":"info","message":"MongoDB connected successfully","service":"college-management-system","timestamp":"2025-05-19 13:09:40"}
{"level":"info","message":"Server running in development mode on port 3000","service":"college-management-system","timestamp":"2025-05-19 13:09:51"}
{"level":"info","message":"MongoDB connected successfully","service":"college-management-system","timestamp":"2025-05-19 13:09:51"}
{"level":"info","message":"Server running in development mode on port 3000","service":"college-management-system","timestamp":"2025-05-19 13:09:56"}
{"level":"info","message":"MongoDB connected successfully","service":"college-management-system","timestamp":"2025-05-19 13:09:56"}
{"level":"info","message":"Server running in development mode on port 3000","service":"college-management-system","timestamp":"2025-05-19 13:10:19"}
{"level":"info","message":"MongoDB connected successfully","service":"college-management-system","timestamp":"2025-05-19 13:10:19"}
{"level":"info","message":"Server running in development mode on port 3000","service":"college-management-system","timestamp":"2025-05-19 13:10:23"}
{"level":"info","message":"MongoDB connected successfully","service":"college-management-system","timestamp":"2025-05-19 13:10:23"}
{"level":"info","message":"Server running in development mode on port 3000","service":"college-management-system","timestamp":"2025-05-19 13:10:46"}
{"level":"info","message":"MongoDB connected successfully","service":"college-management-system","timestamp":"2025-05-19 13:10:46"}
{"level":"info","message":"Server running in development mode on port 3000","service":"college-management-system","timestamp":"2025-05-19 13:10:55"}
{"level":"info","message":"MongoDB connected successfully","service":"college-management-system","timestamp":"2025-05-19 13:10:55"}
{"level":"info","message":"Server running in development mode on port 3000","service":"college-management-system","timestamp":"2025-05-19 13:10:59"}
{"level":"info","message":"MongoDB connected successfully","service":"college-management-system","timestamp":"2025-05-19 13:10:59"}
{"level":"info","message":"Server running in development mode on port 3000","service":"college-management-system","timestamp":"2025-05-19 13:11:26"}
{"level":"info","message":"MongoDB connected successfully","service":"college-management-system","timestamp":"2025-05-19 13:11:26"}
{"level":"info","message":"Server running in development mode on port 3000","service":"college-management-system","timestamp":"2025-05-19 13:11:31"}
{"level":"info","message":"MongoDB connected successfully","service":"college-management-system","timestamp":"2025-05-19 13:11:31"}
{"level":"info","message":"Server running in development mode on port 3000","service":"college-management-system","timestamp":"2025-05-19 13:11:56"}
{"level":"info","message":"MongoDB connected successfully","service":"college-management-system","timestamp":"2025-05-19 13:11:57"}
{"level":"info","message":"Server running in development mode on port 3000","service":"college-management-system","timestamp":"2025-05-19 13:12:06"}
{"level":"info","message":"MongoDB connected successfully","service":"college-management-system","timestamp":"2025-05-19 13:12:06"}
{"level":"info","message":"Server running in development mode on port 3000","service":"college-management-system","timestamp":"2025-05-19 13:12:32"}
{"level":"info","message":"MongoDB connected successfully","service":"college-management-system","timestamp":"2025-05-19 13:12:32"}
{"level":"info","message":"Server running in development mode on port 3000","service":"college-management-system","timestamp":"2025-05-19 13:12:54"}
{"level":"info","message":"MongoDB connected successfully","service":"college-management-system","timestamp":"2025-05-19 13:12:54"}
{"level":"info","message":"Server running in development mode on port 3000","service":"college-management-system","timestamp":"2025-05-19 13:12:59"}
{"level":"info","message":"MongoDB connected successfully","service":"college-management-system","timestamp":"2025-05-19 13:12:59"}
{"level":"info","message":"Server running in development mode on port 3000","service":"college-management-system","timestamp":"2025-05-19 13:13:18"}
{"level":"info","message":"MongoDB connected successfully","service":"college-management-system","timestamp":"2025-05-19 13:13:18"}
{"level":"info","message":"Server running in development mode on port 3000","service":"college-management-system","timestamp":"2025-05-19 13:13:28"}
{"level":"info","message":"MongoDB connected successfully","service":"college-management-system","timestamp":"2025-05-19 13:13:28"}
{"level":"info","message":"Server running in development mode on port 3000","service":"college-management-system","timestamp":"2025-05-19 13:14:00"}
{"level":"info","message":"MongoDB connected successfully","service":"college-management-system","timestamp":"2025-05-19 13:14:00"}
{"level":"info","message":"Server running in development mode on port 3000","service":"college-management-system","timestamp":"2025-05-19 13:14:04"}
{"level":"info","message":"MongoDB connected successfully","service":"college-management-system","timestamp":"2025-05-19 13:14:04"}
{"level":"info","message":"Server running in development mode on port 3000","service":"college-management-system","timestamp":"2025-05-19 13:17:46"}
{"level":"info","message":"MongoDB connected successfully","service":"college-management-system","timestamp":"2025-05-19 13:17:46"}
{"level":"info","message":"Server running in development mode on port 3000","service":"college-management-system","timestamp":"2025-05-19 13:22:51"}
{"level":"info","message":"MongoDB connected successfully","service":"college-management-system","timestamp":"2025-05-19 13:22:51"}
